Build started 12/7/2014 3:15:28 PM.
     1>Project "E:\Git Repositories\pewpewgame\pewpewgame\NYUCodebase\NYUCodebase.vcxproj" on node 2 (Build target(s)).
     1>ClCompile:
         C:\Program Files (x86)\Microsoft Visual Studio 12.0\VC\bin\CL.exe /c /IC:\SDL2_mixer\include /IC:\SDL2\include /IC:\SDL2_image\include /ZI /nologo /W3 /WX- /sdl /Od /Oy- /D _MBCS /Gm /EHsc /RTC1 /MDd /GS /fp:precise /Zc:wchar_t /Zc:forScope /Fo"Debug\\" /Fd"Debug\vc120.pdb" /Gd /TP /analyze- /errorReport:prompt SideScroller.cpp
         SideScroller.cpp
     1>e:\git repositories\pewpewgame\pewpewgame\nyucodebase\sidescroller.cpp(303): warning C4018: '<' : signed/unsigned mismatch
     1>e:\git repositories\pewpewgame\pewpewgame\nyucodebase\sidescroller.cpp(318): warning C4018: '<' : signed/unsigned mismatch
     1>e:\git repositories\pewpewgame\pewpewgame\nyucodebase\sidescroller.cpp(323): warning C4018: '<' : signed/unsigned mismatch
     1>e:\git repositories\pewpewgame\pewpewgame\nyucodebase\sidescroller.cpp(390): warning C4018: '<' : signed/unsigned mismatch
     1>e:\git repositories\pewpewgame\pewpewgame\nyucodebase\sidescroller.cpp(391): warning C4018: '<' : signed/unsigned mismatch
     1>e:\git repositories\pewpewgame\pewpewgame\nyucodebase\sidescroller.cpp(465): warning C4244: '=' : conversion from 'float' to 'int', possible loss of data
     1>e:\git repositories\pewpewgame\pewpewgame\nyucodebase\sidescroller.cpp(466): warning C4244: '=' : conversion from 'float' to 'int', possible loss of data
     1>e:\git repositories\pewpewgame\pewpewgame\nyucodebase\sidescroller.cpp(501): warning C4244: 'argument' : conversion from 'double' to 'float', possible loss of data
     1>e:\git repositories\pewpewgame\pewpewgame\nyucodebase\sidescroller.cpp(510): warning C4244: 'argument' : conversion from 'double' to 'float', possible loss of data
     1>e:\git repositories\pewpewgame\pewpewgame\nyucodebase\sidescroller.cpp(522): warning C4244: 'argument' : conversion from 'double' to 'float', possible loss of data
     1>e:\git repositories\pewpewgame\pewpewgame\nyucodebase\sidescroller.cpp(531): warning C4244: 'argument' : conversion from 'double' to 'float', possible loss of data
       Link:
         C:\Program Files (x86)\Microsoft Visual Studio 12.0\VC\bin\link.exe /ERRORREPORT:PROMPT /OUT:"E:\Git Repositories\pewpewgame\pewpewgame\Debug\NYUCodebase.exe" /INCREMENTAL /NOLOGO /LIBPATH:C:\SDL2\lib\x86 /LIBPATH:C:\SDL2_image\lib\x86 /LIBPATH:C:\SDL2_mixer\lib\x86 SDL2.lib SDL2main.lib SDL2_image.lib SDL2_mixer.lib OpenGL32.lib /MANIFEST /MANIFESTUAC:"level='asInvoker' uiAccess='false'" /manifest:embed /DEBUG /PDB:"E:\Git Repositories\pewpewgame\pewpewgame\Debug\NYUCodebase.pdb" /SUBSYSTEM:WINDOWS /TLBID:1 /DYNAMICBASE /NXCOMPAT /IMPLIB:"E:\Git Repositories\pewpewgame\pewpewgame\Debug\NYUCodebase.lib" /MACHINE:X86 Debug\Bullet.obj
         Debug\Entity.obj
         Debug\main.obj
         Debug\Player.obj
         Debug\SheetSprite.obj
         Debug\SideScroller.obj
         NYUCodebase.vcxproj -> E:\Git Repositories\pewpewgame\pewpewgame\Debug\NYUCodebase.exe
     1>Done Building Project "E:\Git Repositories\pewpewgame\pewpewgame\NYUCodebase\NYUCodebase.vcxproj" (Build target(s)).

Build succeeded.

Time Elapsed 00:00:00.86
